<?xml version="1.0" encoding="UTF-8"?>
<!-- Generated by org.testng.reporters.JUnitReportReporter -->
<testsuite skipped="0" hostname="DESKTOP-KTEDRBL" name="com.Facebook.testCases.TC001_Login_Test" tests="1" failures="0" timestamp="11 Jul 2023 18:21:56 GMT" time="7.408" errors="0">
  <testcase name="loginTest" time="7.408" classname="com.Facebook.testCases.TC001_Login_Test"/>
</testsuite> <!-- com.Facebook.testCases.TC001_Login_Test -->
