<?xml version="1.0" encoding="UTF-8"?>
<!-- Generated by org.testng.reporters.JUnitReportReporter -->
<testsuite skipped="0" hostname="DESKTOP-KTEDRBL" name="com.Facebook.testCases.TC005_Login_Test_with_Screenshot" tests="1" failures="0" timestamp="12 Jul 2023 17:54:40 GMT" time="7.264" errors="0">
  <testcase name="loginTest" time="7.264" classname="com.Facebook.testCases.TC005_Login_Test_with_Screenshot"/>
</testsuite> <!-- com.Facebook.testCases.TC005_Login_Test_with_Screenshot -->
