<?xml version="1.0" encoding="UTF-8"?>
<!-- Generated by org.testng.reporters.JUnitReportReporter -->
<testsuite skipped="0" hostname="DESKTOP-KTEDRBL" name="com.Facebook.testCases.TC003_Login_Test_with_ConfigProperties" tests="1" failures="0" timestamp="11 Jul 2023 21:38:04 GMT" time="6.786" errors="0">
  <testcase name="loginTest" time="6.786" classname="com.Facebook.testCases.TC003_Login_Test_with_ConfigProperties"/>
</testsuite> <!-- com.Facebook.testCases.TC003_Login_Test_with_ConfigProperties -->
