<?xml version="1.0" encoding="UTF-8"?>
<!-- Generated by org.testng.reporters.JUnitReportReporter -->
<testsuite skipped="0" hostname="DESKTOP-KTEDRBL" name="com.Facebook.testCases.TC005_Login_Test_with_Screenshot" tests="1" failures="0" timestamp="13 Jul 2023 17:10:24 GMT" time="9.707" errors="0">
  <testcase name="loginTest" time="9.707" classname="com.Facebook.testCases.TC005_Login_Test_with_Screenshot"/>
</testsuite> <!-- com.Facebook.testCases.TC005_Login_Test_with_Screenshot -->
